0 info it worked if it ends with ok
1 verbose cli [ 'node', '/usr/local/bin/npm', 'install' ]
2 info using npm@1.4.28
3 info using node@v0.10.36
4 verbose readDependencies using package.json deps
5 verbose install where, deps [ '/Users/gabrieltome/Documents/nodejs/aulas', [ 'mongoose' ] ]
6 info preinstall studies-nodejs@1.0.0
7 verbose readDependencies using package.json deps
8 verbose cache add [ 'mongoose@*', null ]
9 verbose cache add name=undefined spec="mongoose@*" args=["mongoose@*",null]
10 verbose parsed url { protocol: null,
10 verbose parsed url   slashes: null,
10 verbose parsed url   auth: null,
10 verbose parsed url   host: null,
10 verbose parsed url   port: null,
10 verbose parsed url   hostname: null,
10 verbose parsed url   hash: null,
10 verbose parsed url   search: null,
10 verbose parsed url   query: null,
10 verbose parsed url   pathname: 'mongoose@*',
10 verbose parsed url   path: 'mongoose@*',
10 verbose parsed url   href: 'mongoose@*' }
11 verbose cache add name="mongoose" spec="*" args=["mongoose","*"]
12 verbose parsed url { protocol: null,
12 verbose parsed url   slashes: null,
12 verbose parsed url   auth: null,
12 verbose parsed url   host: null,
12 verbose parsed url   port: null,
12 verbose parsed url   hostname: null,
12 verbose parsed url   hash: null,
12 verbose parsed url   search: null,
12 verbose parsed url   query: null,
12 verbose parsed url   pathname: '*',
12 verbose parsed url   path: '*',
12 verbose parsed url   href: '*' }
13 verbose addNamed [ 'mongoose', '*' ]
14 verbose addNamed [ null, '*' ]
15 silly lockFile e0858070-mongoose mongoose@*
16 verbose lock mongoose@* /Users/gabrieltome/.npm/e0858070-mongoose.lock
17 silly addNameRange { name: 'mongoose', range: '*', hasData: false }
18 verbose request where is /mongoose
19 verbose request registry https://registry.npmjs.org/
20 verbose request id e87f15f7ecf2def0
21 verbose url raw /mongoose
22 verbose url resolving [ 'https://registry.npmjs.org/', './mongoose' ]
23 verbose url resolved https://registry.npmjs.org/mongoose
24 verbose request where is https://registry.npmjs.org/mongoose
25 info trying registry request attempt 1 at 15:49:15
26 http GET https://registry.npmjs.org/mongoose
27 info retry will retry, error on last attempt: Error: getaddrinfo ENOTFOUND
28 info trying registry request attempt 2 at 15:49:55
29 http GET https://registry.npmjs.org/mongoose
30 info retry will retry, error on last attempt: Error: getaddrinfo ENOTFOUND
31 info trying registry request attempt 3 at 15:51:15
32 http GET https://registry.npmjs.org/mongoose
33 silly lockFile e0858070-mongoose mongoose@*
34 silly lockFile e0858070-mongoose mongoose@*
35 error network getaddrinfo ENOTFOUND
35 error network This is most likely not a problem with npm itself
35 error network and is related to network connectivity.
35 error network In most cases you are behind a proxy or have bad network settings.
35 error network
35 error network If you are behind a proxy, please make sure that the
35 error network 'proxy' config is set properly.  See: 'npm help config'
36 error System Darwin 14.0.0
37 error command "node" "/usr/local/bin/npm" "install"
38 error cwd /Users/gabrieltome/Documents/nodejs/aulas
39 error node -v v0.10.36
40 error npm -v 1.4.28
41 error syscall getaddrinfo
42 error code ENOTFOUND
43 error errno ENOTFOUND
44 verbose exit [ 1, true ]
